\BOOKMARK [0][-]{chapter.1}{\376\377\000H\000o\000w\000\040\000t\000o\000\040\000A\000u\000t\000o\000m\000a\000t\000e\000\040\000P\000y\000t\000h\000o\000n\000\040\000E\000n\000v\000i\000r\000o\000n\000m\000e\000n\000t}{}% 1
\BOOKMARK [1][-]{section.1.1}{\376\377\000O\000u\000t\000l\000i\000n\000e\000\040\000o\000f\000\040\000P\000r\000o\000j\000e\000c\000t}{chapter.1}% 2
\BOOKMARK [2][-]{subsection.1.1.1}{\376\377\000P\000r\000e\000r\000e\000q\000u\000i\000s\000i\000t\000e\000s}{section.1.1}% 3
\BOOKMARK [2][-]{subsection.1.1.2}{\376\377\000A\000c\000t\000i\000o\000n\000s\000\040\000o\000f\000\040\000P\000r\000o\000g\000r\000a\000m}{section.1.1}% 4
\BOOKMARK [1][-]{section.1.2}{\376\377\000D\000e\000v\000e\000l\000o\000p\000i\000n\000g\000\040\000t\000h\000e\000\040\000S\000c\000r\000i\000p\000t}{chapter.1}% 5
\BOOKMARK [1][-]{section.1.3}{\376\377\000R\000u\000n\000n\000i\000n\000g\000\040\000t\000h\000e\000\040\000S\000c\000r\000i\000p\000t}{chapter.1}% 6
\BOOKMARK [0][-]{chapter.2}{\376\377\000N\000e\000x\000t\000\040\000S\000t\000e\000p\000s}{}% 7
\BOOKMARK [0][-]{chapter.3}{\376\377\000M\000y\000S\000T\000\040\000M\000a\000r\000k\000d\000o\000w\000n\000\040\000a\000n\000d\000\040\000J\000u\000p\000y\000t\000e\000r\000\040\000N\000o\000t\000e\000b\000o\000o\000k}{}% 8
\BOOKMARK [0][-]{chapter.4}{\376\377\000G\000e\000t\000t\000i\000n\000g\000\040\000S\000t\000a\000r\000t\000e\000d\000\040\000w\000i\000t\000h\000\040\000M\000y\000S\000T\000\040\000\046\000\040\000S\000p\000h\000i\000n\000x}{}% 9
\BOOKMARK [0][-]{chapter.5}{\376\377\000F\000r\000o\000n\000t\000m\000a\000t\000t\000e\000r}{}% 10
\BOOKMARK [1][-]{section.5.1}{\376\377\000W\000h\000e\000r\000e\000\040\000t\000o\000\040\000s\000e\000t\000\040\000f\000r\000o\000n\000t\000m\000a\000t\000t\000e\000r}{chapter.5}% 11
\BOOKMARK [2][-]{subsection.5.1.1}{\376\377\000I\000n\000\040\000a\000\040\000M\000y\000S\000T\000\040\000m\000a\000r\000k\000d\000o\000w\000n\000\040\000f\000i\000l\000e}{section.5.1}% 12
\BOOKMARK [2][-]{subsection.5.1.2}{\376\377\000I\000n\000\040\000a\000\040\000J\000u\000p\000y\000t\000e\000r\000\040\000N\000o\000t\000e\000b\000o\000o\000k}{section.5.1}% 13
\BOOKMARK [2][-]{subsection.5.1.3}{\376\377\000I\000n\000\040\000a\000\040\000m\000y\000s\000t\000.\000y\000m\000l\000\040\000f\000i\000l\000e}{section.5.1}% 14
\BOOKMARK [1][-]{section.5.2}{\376\377\000A\000v\000a\000i\000l\000a\000b\000l\000e\000\040\000f\000r\000o\000n\000t\000m\000a\000t\000t\000e\000r\000\040\000f\000i\000e\000l\000d\000s}{chapter.5}% 15
\BOOKMARK [1][-]{section.5.3}{\376\377\000F\000i\000e\000l\000d\000\040\000B\000e\000h\000a\000v\000i\000o\000r}{chapter.5}% 16
\BOOKMARK [1][-]{section.5.4}{\376\377\000T\000h\000u\000m\000b\000n\000a\000i\000l\000\040\000\046\000\040\000B\000a\000n\000n\000e\000r}{chapter.5}% 17
\BOOKMARK [1][-]{section.5.5}{\376\377\000A\000u\000t\000h\000o\000r\000s}{chapter.5}% 18
\BOOKMARK [1][-]{section.5.6}{\376\377\000A\000f\000f\000i\000l\000i\000a\000t\000i\000o\000n\000s}{chapter.5}% 19
\BOOKMARK [1][-]{section.5.7}{\376\377\000D\000a\000t\000e}{chapter.5}% 20
\BOOKMARK [1][-]{section.5.8}{\376\377\000L\000i\000c\000e\000n\000s\000e\000s}{chapter.5}% 21
\BOOKMARK [1][-]{section.5.9}{\376\377\000F\000u\000n\000d\000i\000n\000g}{chapter.5}% 22
\BOOKMARK [1][-]{section.5.10}{\376\377\000V\000e\000n\000u\000e}{chapter.5}% 23
\BOOKMARK [1][-]{section.5.11}{\376\377\000B\000i\000b\000l\000i\000o}{chapter.5}% 24
\BOOKMARK [0][-]{chapter.6}{\376\377\000S\000e\000t\000t\000i\000n\000g\000s}{}% 25
\BOOKMARK [1][-]{section.6.1}{\376\377\000A\000v\000a\000i\000l\000a\000b\000l\000e\000\040\000s\000e\000t\000t\000i\000n\000g\000s\000\040\000f\000i\000e\000l\000d\000s}{chapter.6}% 26
\BOOKMARK [0][-]{chapter.7}{\376\377\000M\000o\000r\000e\000\040\000F\000r\000o\000m\000\040\000M\000y\000S\000T\000\040\000M\000a\000r\000k\000d\000o\000w\000n}{}% 27
\BOOKMARK [1][-]{section.7.1}{\376\377\000K\000e\000y\000\040\000F\000e\000a\000t\000u\000r\000e\000s}{chapter.7}% 28
\BOOKMARK [1][-]{section.7.2}{\376\377\000P\000r\000o\000j\000e\000c\000t\000\040\000G\000o\000a\000l\000s}{chapter.7}% 29
\BOOKMARK [2][-]{subsection.7.2.1}{\376\377\000B\000u\000i\000l\000t\000\040\000f\000o\000r\000\040\000S\000c\000i\000e\000n\000c\000e}{section.7.2}% 30
\BOOKMARK [2][-]{subsection.7.2.2}{\376\377\000D\000y\000n\000a\000m\000i\000c\000\040\000D\000o\000c\000u\000m\000e\000n\000t\000s}{section.7.2}% 31
\BOOKMARK [2][-]{subsection.7.2.3}{\376\377\000F\000a\000s\000t\000\040\000\046\000\040\000A\000c\000c\000e\000s\000s\000i\000b\000l\000e}{section.7.2}% 32
\BOOKMARK [2][-]{subsection.7.2.4}{\376\377\000T\000e\000c\000h\000n\000i\000c\000a\000l\000\040\000G\000o\000a\000l\000s}{section.7.2}% 33
\BOOKMARK [1][-]{section.7.3}{\376\377\000I\000n\000s\000t\000a\000l\000l\000i\000n\000g\000\040\000t\000h\000e\000\040\000M\000y\000S\000T\000\040\000M\000a\000r\000k\000d\000o\000w\000n\000\040\000C\000L\000I}{chapter.7}% 34
\BOOKMARK [2][-]{subsection.7.3.1}{\376\377\000P\000r\000e\000r\000e\000q\000u\000i\000s\000i\000t\000e\000s\000\040\000-\000\040\000I\000n\000s\000t\000a\000l\000l\000\040\000N\000o\000d\000e}{section.7.3}% 35
\BOOKMARK [2][-]{subsection.7.3.2}{\376\377\000I\000n\000s\000t\000a\000l\000l\000\040\000t\000h\000e\000\040\000M\000y\000S\000T\000\040\000C\000L\000I}{section.7.3}% 36
\BOOKMARK [1][-]{section.7.4}{\376\377\000C\000i\000r\000c\000l\000e\000\040\000B\000a\000c\000k\000\040\000a\000t\000\040\000a\000\040\000L\000a\000t\000e\000r\000\040\000D\000a\000t\000e}{chapter.7}% 37
\BOOKMARK [0][-]{chapter.8}{\376\377\000C\000o\000n\000f\000i\000g\000u\000r\000i\000n\000g\000\040\000S\000p\000h\000i\000n\000x\000\040\000t\000o\000\040\000R\000e\000n\000d\000e\000r\000\040\000H\000T\000M\000L\000\040\000\046\000\040\000P\000D\000F\000\040\000V\000e\000r\000s\000i\000o\000n\000s\000\040\000o\000f\000\040\000J\000u\000p\000y\000t\000e\000r\000\040\000N\000o\000t\000e\000b\000o\000o\000k\000s}{}% 38
\BOOKMARK [1][-]{section.8.1}{\376\377\000P\000r\000e\000r\000e\000q\000u\000i\000s\000i\000t\000e\000s}{chapter.8}% 39
\BOOKMARK [1][-]{section.8.2}{\376\377\000G\000e\000t\000t\000i\000n\000g\000\040\000S\000t\000a\000r\000t\000e\000d\000\040\000w\000i\000t\000h\000\040\000S\000p\000h\000i\000n\000x}{chapter.8}% 40
\BOOKMARK [0][-]{chapter.9}{\376\377\000B\000u\000i\000l\000d\000i\000n\000g\000\040\000a\000\040\000C\000u\000s\000t\000o\000m\000\040\000J\000u\000p\000y\000t\000e\000r\000\040\000N\000o\000t\000e\000b\000o\000o\000k\000\040\000K\000e\000r\000n\000e\000l}{}% 41
\BOOKMARK [1][-]{section.9.1}{\376\377\000U\000s\000i\000n\000g\000\040\000x\000e\000u\000s\000\040\000t\000o\000\040\000A\000u\000t\000h\000o\000r\000\040\000C\000u\000s\000t\000o\000m\000\040\000K\000e\000r\000n\000e\000l\000s}{chapter.9}% 42
\BOOKMARK [1][-]{section.9.2}{\376\377\000I\000m\000p\000l\000e\000m\000e\000n\000t\000i\000n\000g\000\040\000a\000\040\000K\000e\000r\000n\000e\000l}{chapter.9}% 43
\BOOKMARK [0][-]{chapter.10}{\376\377\000I\000n\000d\000i\000c\000e\000s\000\040\000a\000n\000d\000\040\000t\000a\000b\000l\000e\000s}{}% 44
